Build started 21/11/2014 17:32:12.
     1>Project "C:\Users\Daniel R\Desktop\AGP Hand-in\Demo\AGP Project\AGP2014 Lab4 Base Code VS13\AGP2014 Lab4 Base Code VS13.vcxproj" on node 2 (Build target(s)).
     1>ClCompile:
         C:\Program Files (x86)\Microsoft Visual Studio 12.0\VC\bin\CL.exe /c /I"C:\dev\SDL2 plugins\include" /I"C:\dev\SDL2-2.0.3\include" /I"C:\dev\glew-1.11.0\include" /I"C:\dev\glm-0.9.5.4" /ZI /nologo /W3 /WX- /sdl /Od /Oy- /D WIN32 /D _DEBUG /D _WINDOWS /D _CRT_SECURE_NO_WARNINGS /D _UNICODE /D UNICODE /Gm /EHsc /RTC1 /MDd /GS /fp:precise /Zc:wchar_t /Zc:forScope /Fo"Debug\\" /Fd"Debug\vc120.pdb" /Gd /TP /analyze- /errorReport:prompt Lights.cpp
         Lights.cpp
     1>c:\users\daniel r\desktop\agp hand-in\demo\agp project\agp2014 lab4 base code vs13\lights.cpp(264): warning C4305: '+=' : truncation from 'double' to 'float'
     1>c:\users\daniel r\desktop\agp hand-in\demo\agp project\agp2014 lab4 base code vs13\lights.cpp(265): warning C4305: '-=' : truncation from 'double' to 'float'
     1>c:\users\daniel r\desktop\agp hand-in\demo\agp project\agp2014 lab4 base code vs13\lights.cpp(282): warning C4305: '+=' : truncation from 'double' to 'float'
     1>c:\users\daniel r\desktop\agp hand-in\demo\agp project\agp2014 lab4 base code vs13\lights.cpp(285): warning C4305: '-=' : truncation from 'double' to 'float'
     1>c:\users\daniel r\desktop\agp hand-in\demo\agp project\agp2014 lab4 base code vs13\lights.cpp(289): warning C4305: '+=' : truncation from 'double' to 'float'
     1>c:\users\daniel r\desktop\agp hand-in\demo\agp project\agp2014 lab4 base code vs13\lights.cpp(292): warning C4305: '-=' : truncation from 'double' to 'float'
     1>c:\users\daniel r\desktop\agp hand-in\demo\agp project\agp2014 lab4 base code vs13\lights.cpp(297): warning C4305: '+=' : truncation from 'double' to 'float'
     1>c:\users\daniel r\desktop\agp hand-in\demo\agp project\agp2014 lab4 base code vs13\lights.cpp(300): warning C4305: '-=' : truncation from 'double' to 'float'
     1>c:\users\daniel r\desktop\agp hand-in\demo\agp project\agp2014 lab4 base code vs13\lights.cpp(304): warning C4305: '+=' : truncation from 'double' to 'float'
     1>c:\users\daniel r\desktop\agp hand-in\demo\agp project\agp2014 lab4 base code vs13\lights.cpp(307): warning C4305: '-=' : truncation from 'double' to 'float'
     1>c:\users\daniel r\desktop\agp hand-in\demo\agp project\agp2014 lab4 base code vs13\lights.cpp(312): warning C4305: '+=' : truncation from 'double' to 'float'
     1>c:\users\daniel r\desktop\agp hand-in\demo\agp project\agp2014 lab4 base code vs13\lights.cpp(313): warning C4305: '+=' : truncation from 'double' to 'float'
     1>c:\users\daniel r\desktop\agp hand-in\demo\agp project\agp2014 lab4 base code vs13\lights.cpp(316): warning C4305: '-=' : truncation from 'double' to 'float'
     1>c:\users\daniel r\desktop\agp hand-in\demo\agp project\agp2014 lab4 base code vs13\lights.cpp(317): warning C4305: '-=' : truncation from 'double' to 'float'
     1>c:\users\daniel r\desktop\agp hand-in\demo\agp project\agp2014 lab4 base code vs13\lights.cpp(362): warning C4305: '+=' : truncation from 'double' to 'float'
     1>c:\users\daniel r\desktop\agp hand-in\demo\agp project\agp2014 lab4 base code vs13\lights.cpp(363): warning C4305: '+=' : truncation from 'double' to 'float'
     1>c:\users\daniel r\desktop\agp hand-in\demo\agp project\agp2014 lab4 base code vs13\lights.cpp(364): warning C4305: '+=' : truncation from 'double' to 'float'
     1>c:\users\daniel r\desktop\agp hand-in\demo\agp project\agp2014 lab4 base code vs13\lights.cpp(367): warning C4305: '+=' : truncation from 'double' to 'float'
     1>c:\users\daniel r\desktop\agp hand-in\demo\agp project\agp2014 lab4 base code vs13\lights.cpp(368): warning C4305: '+=' : truncation from 'double' to 'float'
     1>c:\users\daniel r\desktop\agp hand-in\demo\agp project\agp2014 lab4 base code vs13\lights.cpp(369): warning C4305: '+=' : truncation from 'double' to 'float'
     1>c:\users\daniel r\desktop\agp hand-in\demo\agp project\agp2014 lab4 base code vs13\lights.cpp(374): warning C4305: '-=' : truncation from 'double' to 'float'
     1>c:\users\daniel r\desktop\agp hand-in\demo\agp project\agp2014 lab4 base code vs13\lights.cpp(375): warning C4305: '-=' : truncation from 'double' to 'float'
     1>c:\users\daniel r\desktop\agp hand-in\demo\agp project\agp2014 lab4 base code vs13\lights.cpp(376): warning C4305: '-=' : truncation from 'double' to 'float'
     1>c:\users\daniel r\desktop\agp hand-in\demo\agp project\agp2014 lab4 base code vs13\lights.cpp(379): warning C4305: '-=' : truncation from 'double' to 'float'
     1>c:\users\daniel r\desktop\agp hand-in\demo\agp project\agp2014 lab4 base code vs13\lights.cpp(380): warning C4305: '-=' : truncation from 'double' to 'float'
     1>c:\users\daniel r\desktop\agp hand-in\demo\agp project\agp2014 lab4 base code vs13\lights.cpp(381): warning C4305: '-=' : truncation from 'double' to 'float'
     1>c:\users\daniel r\desktop\agp hand-in\demo\agp project\agp2014 lab4 base code vs13\lights.cpp(387): warning C4305: '+=' : truncation from 'double' to 'float'
     1>c:\users\daniel r\desktop\agp hand-in\demo\agp project\agp2014 lab4 base code vs13\lights.cpp(388): warning C4305: '+=' : truncation from 'double' to 'float'
     1>c:\users\daniel r\desktop\agp hand-in\demo\agp project\agp2014 lab4 base code vs13\lights.cpp(389): warning C4305: '+=' : truncation from 'double' to 'float'
     1>c:\users\daniel r\desktop\agp hand-in\demo\agp project\agp2014 lab4 base code vs13\lights.cpp(392): warning C4305: '+=' : truncation from 'double' to 'float'
     1>c:\users\daniel r\desktop\agp hand-in\demo\agp project\agp2014 lab4 base code vs13\lights.cpp(393): warning C4305: '+=' : truncation from 'double' to 'float'
     1>c:\users\daniel r\desktop\agp hand-in\demo\agp project\agp2014 lab4 base code vs13\lights.cpp(394): warning C4305: '+=' : truncation from 'double' to 'float'
     1>c:\users\daniel r\desktop\agp hand-in\demo\agp project\agp2014 lab4 base code vs13\lights.cpp(399): warning C4305: '-=' : truncation from 'double' to 'float'
     1>c:\users\daniel r\desktop\agp hand-in\demo\agp project\agp2014 lab4 base code vs13\lights.cpp(400): warning C4305: '-=' : truncation from 'double' to 'float'
     1>c:\users\daniel r\desktop\agp hand-in\demo\agp project\agp2014 lab4 base code vs13\lights.cpp(401): warning C4305: '-=' : truncation from 'double' to 'float'
     1>c:\users\daniel r\desktop\agp hand-in\demo\agp project\agp2014 lab4 base code vs13\lights.cpp(404): warning C4305: '-=' : truncation from 'double' to 'float'
     1>c:\users\daniel r\desktop\agp hand-in\demo\agp project\agp2014 lab4 base code vs13\lights.cpp(405): warning C4305: '-=' : truncation from 'double' to 'float'
     1>c:\users\daniel r\desktop\agp hand-in\demo\agp project\agp2014 lab4 base code vs13\lights.cpp(406): warning C4305: '-=' : truncation from 'double' to 'float'
         GLM: perspective function taking degrees as a parameter is deprecated. #define GLM_FORCE_RADIANS before including GLM headers to remove this message.
       Link:
         C:\Program Files (x86)\Microsoft Visual Studio 12.0\VC\bin\link.exe /ERRORREPORT:PROMPT /OUT:"C:\Users\Daniel R\Desktop\AGP Hand-in\Demo\AGP Project\Debug\AGP2014 Lab4 Base Code VS13.exe" /INCREMENTAL /NOLOGO /LIBPATH:"C:\dev\SDL2 plugins\lib\x86" /LIBPATH:"C:\dev\SDL2-2.0.3\lib\x86" /LIBPATH:"C:\dev\glew-1.11.0\lib\Release\Win32" SDL2.lib SDL2main.lib SDL2_ttf.lib opengl32.lib glew32.lib kernel32.lib user32.lib gdi32.lib winspool.lib comdlg32.lib advapi32.lib shell32.lib ole32.lib oleaut32.lib uuid.lib odbc32.lib odbccp32.lib /MANIFEST /MANIFESTUAC:"level='asInvoker' uiAccess='false'" /manifest:embed /DEBUG /PDB:"C:\Users\Daniel R\Desktop\AGP Hand-in\Demo\AGP Project\Debug\AGP2014 Lab4 Base Code VS13.pdb" /SUBSYSTEM:WINDOWS /TLBID:1 /DYNAMICBASE /NXCOMPAT /IMPLIB:"C:\Users\Daniel R\Desktop\AGP Hand-in\Demo\AGP Project\Debug\AGP2014 Lab4 Base Code VS13.lib" /MACHINE:X86 Debug\Lights.obj
         Debug\main.obj
         Debug\rt3d.obj
         Debug\rt3dObjLoader.obj
     1>MSVCRTD.lib(cinitexe.obj) : warning LNK4098: defaultlib 'msvcrt.lib' conflicts with use of other libs; use /NODEFAULTLIB:library
         AGP2014 Lab4 Base Code VS13.vcxproj -> C:\Users\Daniel R\Desktop\AGP Hand-in\Demo\AGP Project\Debug\AGP2014 Lab4 Base Code VS13.exe
     1>Done Building Project "C:\Users\Daniel R\Desktop\AGP Hand-in\Demo\AGP Project\AGP2014 Lab4 Base Code VS13\AGP2014 Lab4 Base Code VS13.vcxproj" (Build target(s)).

Build succeeded.

Time Elapsed 00:00:00.97
