c:\users\daniel r\desktop\agp project 2\agp2014 lab4 base code vs13\debug\vc120.pdb
c:\users\daniel r\desktop\agp project 2\agp2014 lab4 base code vs13\debug\vc120.idb
c:\users\daniel r\desktop\agp project 2\agp2014 lab4 base code vs13\debug\game.obj
c:\users\daniel r\desktop\agp project 2\agp2014 lab4 base code vs13\debug\gamescreen.obj
c:\users\daniel r\desktop\agp project 2\agp2014 lab4 base code vs13\debug\light.obj
c:\users\daniel r\desktop\agp project 2\agp2014 lab4 base code vs13\debug\load.obj
c:\users\daniel r\desktop\agp project 2\agp2014 lab4 base code vs13\debug\main.obj
c:\users\daniel r\desktop\agp project 2\agp2014 lab4 base code vs13\debug\particle.obj
c:\users\daniel r\desktop\agp project 2\agp2014 lab4 base code vs13\debug\particleslist.obj
c:\users\daniel r\desktop\agp project 2\agp2014 lab4 base code vs13\debug\renderer.obj
c:\users\daniel r\desktop\agp project 2\agp2014 lab4 base code vs13\debug\rt3d.obj
c:\users\daniel r\desktop\agp project 2\agp2014 lab4 base code vs13\debug\rt3dobjloader.obj
c:\users\daniel r\desktop\agp project 2\agp2014 lab4 base code vs13\debug\shaders.obj
c:\users\daniel r\desktop\no fps and hud\agp project 2\agp2014 lab4 base code vs13\debug\vc120.pdb
c:\users\daniel r\desktop\no fps and hud\agp project 2\agp2014 lab4 base code vs13\debug\vc120.idb
c:\users\daniel r\desktop\no fps and hud\agp project 2\agp2014 lab4 base code vs13\debug\game.obj
c:\users\daniel r\desktop\no fps and hud\agp project 2\agp2014 lab4 base code vs13\debug\light.obj
c:\users\daniel r\desktop\no fps and hud\agp project 2\agp2014 lab4 base code vs13\debug\load.obj
c:\users\daniel r\desktop\no fps and hud\agp project 2\agp2014 lab4 base code vs13\debug\main.obj
c:\users\daniel r\desktop\no fps and hud\agp project 2\agp2014 lab4 base code vs13\debug\particle.obj
c:\users\daniel r\desktop\no fps and hud\agp project 2\agp2014 lab4 base code vs13\debug\particleslist.obj
c:\users\daniel r\desktop\no fps and hud\agp project 2\agp2014 lab4 base code vs13\debug\renderer.obj
c:\users\daniel r\desktop\no fps and hud\agp project 2\agp2014 lab4 base code vs13\debug\rt3d.obj
c:\users\daniel r\desktop\no fps and hud\agp project 2\agp2014 lab4 base code vs13\debug\rt3dobjloader.obj
c:\users\daniel r\desktop\no fps and hud\agp project 2\agp2014 lab4 base code vs13\debug\shaders.obj
c:\users\daniel r\desktop\no fps and hud\agp project 2\agp2014 lab4 base code vs13\debug\gamescreen.obj
c:\users\daniel r\desktop\no fps and hud\agp project 2\debug\agp2014 lab4 base code vs13.ilk
c:\users\daniel r\desktop\no fps and hud\agp project 2\debug\agp2014 lab4 base code vs13.exe
c:\users\daniel r\desktop\no fps and hud\agp project 2\debug\agp2014 lab4 base code vs13.pdb
c:\users\daniel r\desktop\agp project 2\debug\agp2014 lab4 base code vs13.ilk
c:\users\daniel r\desktop\agp project 2\debug\agp2014 lab4 base code vs13.exe
c:\users\daniel r\desktop\agp project 2\debug\agp2014 lab4 base code vs13.pdb
c:\users\daniel r\desktop\agp project 2\agp2014 lab4 base code vs13\debug\agp2014 .774a56e0.tlog\cl.command.1.tlog
c:\users\daniel r\desktop\agp project 2\agp2014 lab4 base code vs13\debug\agp2014 .774a56e0.tlog\cl.read.1.tlog
c:\users\daniel r\desktop\agp project 2\agp2014 lab4 base code vs13\debug\agp2014 .774a56e0.tlog\cl.write.1.tlog
c:\users\daniel r\desktop\agp project 2\agp2014 lab4 base code vs13\debug\agp2014 .774a56e0.tlog\link.command.1.tlog
c:\users\daniel r\desktop\agp project 2\agp2014 lab4 base code vs13\debug\agp2014 .774a56e0.tlog\link.read.1.tlog
c:\users\daniel r\desktop\agp project 2\agp2014 lab4 base code vs13\debug\agp2014 .774a56e0.tlog\link.write.1.tlog
